<?xml version="1.0" encoding="UTF-8"?>
<!-- Generated by org.testng.reporters.JUnitReportReporter -->
<testsuite hostname="DESKTOP-5TSHMTQ" failures="0" tests="3" name="dropdown.dataDrivernTestNG" time="12.932" errors="0" timestamp="2023-08-18T19:27:43 BDT" skipped="0">
  <testcase classname="dropdown.dataDrivernTestNG" name="loginTest" time="3.848"/>
  <testcase classname="dropdown.dataDrivernTestNG" name="loginTest" time="4.073"/>
  <testcase classname="dropdown.dataDrivernTestNG" name="loginTest" time="5.011"/>
</testsuite> <!-- dropdown.dataDrivernTestNG -->
