<?xml version="1.0" encoding="UTF-8"?>
<!-- Generated by org.testng.reporters.JUnitReportReporter -->
<testsuite hostname="DESKTOP-5TSHMTQ" failures="0" tests="4" name="dropdown.lmsUIUTestNG" time="28.625" errors="0" timestamp="2023-08-20T00:25:19 BDT" skipped="0">
  <testcase classname="dropdown.lmsUIUTestNG" name="test" time="6.690"/>
  <testcase classname="dropdown.lmsUIUTestNG" name="test" time="7.347"/>
  <testcase classname="dropdown.lmsUIUTestNG" name="test" time="8.137"/>
  <testcase classname="dropdown.lmsUIUTestNG" name="test" time="6.451"/>
</testsuite> <!-- dropdown.lmsUIUTestNG -->
